#! /usr/bin/vvp
:ivl_version "11.0 (stable)";
:ivl_delay_selection "TYPICAL";
:vpi_time_precision - 12;
:vpi_module "/usr/lib/x86_64-linux-gnu/ivl/system.vpi";
:vpi_module "/usr/lib/x86_64-linux-gnu/ivl/vhdl_sys.vpi";
:vpi_module "/usr/lib/x86_64-linux-gnu/ivl/vhdl_textio.vpi";
:vpi_module "/usr/lib/x86_64-linux-gnu/ivl/v2005_math.vpi";
:vpi_module "/usr/lib/x86_64-linux-gnu/ivl/va_math.vpi";
S_0x562150b02260 .scope module, "tb_fulladd" "tb_fulladd" 2 2;
 .timescale -9 -12;
v0x562150b14bb0_0 .var "a", 0 0;
v0x562150b14c70_0 .var "b", 0 0;
v0x562150b14d10_0 .var "c_in", 0 0;
v0x562150b14e10_0 .net "c_out", 0 0, v0x562150b14940_0;  1 drivers
v0x562150b14ee0_0 .var/i "i", 31 0;
v0x562150b14fd0_0 .net "sum", 0 0, v0x562150b14a00_0;  1 drivers
S_0x562150b023f0 .scope module, "uut" "fulladder" 2 13, 3 1 0, S_0x562150b02260;
 .timescale -9 -12;
    .port_info 0 /INPUT 1 "a";
    .port_info 1 /INPUT 1 "b";
    .port_info 2 /INPUT 1 "c_in";
    .port_info 3 /OUTPUT 1 "sum";
    .port_info 4 /OUTPUT 1 "c_out";
v0x562150ac87b0_0 .net "a", 0 0, v0x562150b14bb0_0;  1 drivers
v0x562150ac8ba0_0 .net "b", 0 0, v0x562150b14c70_0;  1 drivers
v0x562150b148a0_0 .net "c_in", 0 0, v0x562150b14d10_0;  1 drivers
v0x562150b14940_0 .var "c_out", 0 0;
v0x562150b14a00_0 .var "sum", 0 0;
E_0x562150b02880 .event edge, v0x562150ac87b0_0, v0x562150ac8ba0_0, v0x562150b148a0_0;
    .scope S_0x562150b023f0;
T_0 ;
    %wait E_0x562150b02880;
    %load/vec4 v0x562150ac87b0_0;
    %load/vec4 v0x562150ac8ba0_0;
    %xor;
    %load/vec4 v0x562150b148a0_0;
    %xor;
    %store/vec4 v0x562150b14a00_0, 0, 1;
    %load/vec4 v0x562150ac87b0_0;
    %load/vec4 v0x562150ac8ba0_0;
    %and;
    %load/vec4 v0x562150ac8ba0_0;
    %load/vec4 v0x562150b148a0_0;
    %and;
    %or;
    %load/vec4 v0x562150ac87b0_0;
    %load/vec4 v0x562150b148a0_0;
    %and;
    %or;
    %store/vec4 v0x562150b14940_0, 0, 1;
    %jmp T_0;
    .thread T_0, $push;
    .scope S_0x562150b02260;
T_1 ;
    %vpi_call 2 20 "$dumpfile", "fulladder.vcd" {0 0 0};
    %vpi_call 2 21 "$dumpvars", 32'sb00000000000000000000000000000000, S_0x562150b02260 {0 0 0};
    %pushi/vec4 1, 0, 1;
    %assign/vec4 v0x562150b14bb0_0, 0;
    %pushi/vec4 0, 0, 1;
    %assign/vec4 v0x562150b14c70_0, 0;
    %pushi/vec4 1, 0, 1;
    %assign/vec4 v0x562150b14d10_0, 0;
    %delay 10000, 0;
    %pushi/vec4 0, 0, 32;
    %store/vec4 v0x562150b14ee0_0, 0, 32;
T_1.0 ;
    %load/vec4 v0x562150b14ee0_0;
    %cmpi/s 20, 0, 32;
    %jmp/0xz T_1.1, 5;
    %delay 20000, 0;
    %vpi_func 2 27 "$random" 32 {0 0 0};
    %pad/s 1;
    %assign/vec4 v0x562150b14bb0_0, 0;
    %vpi_func 2 28 "$random" 32 {0 0 0};
    %pad/s 1;
    %assign/vec4 v0x562150b14c70_0, 0;
    %vpi_func 2 29 "$random" 32 {0 0 0};
    %pad/s 1;
    %assign/vec4 v0x562150b14d10_0, 0;
    %load/vec4 v0x562150b14ee0_0;
    %addi 1, 0, 32;
    %store/vec4 v0x562150b14ee0_0, 0, 32;
    %jmp T_1.0;
T_1.1 ;
    %vpi_call 2 31 "$finish" {0 0 0};
    %end;
    .thread T_1;
# The file index is used to find the file name in the following table.
:file_names 4;
    "N/A";
    "<interactive>";
    "tb.v";
    "fulladder.v";
